{
    "Expiration": "expiry-date=\"Thu, 09 Jun 2022 00:00:00 GMT\", rule-id=\"Intelligent-Tiering after 15 days and expire after 95 days\"",
    "ETag": "\"d41d8cd98f00b204e9800998ecf8427e\""
}
{
    "Expiration": "expiry-date=\"Thu, 09 Jun 2022 00:00:00 GMT\", rule-id=\"Intelligent-Tiering after 15 days and expire after 95 days\"",
    "ETag": "\"d41d8cd98f00b204e9800998ecf8427e\""
}
{
    "Expiration": "expiry-date=\"Thu, 09 Jun 2022 00:00:00 GMT\", rule-id=\"Intelligent-Tiering after 15 days and expire after 95 days\"",
    "ETag": "\"d41d8cd98f00b204e9800998ecf8427e\""
}
{
    "Expiration": "expiry-date=\"Thu, 09 Jun 2022 00:00:00 GMT\", rule-id=\"Intelligent-Tiering after 15 days and expire after 95 days\"",
    "ETag": "\"d41d8cd98f00b204e9800998ecf8427e\""
}
{
    "Expiration": "expiry-date=\"Thu, 09 Jun 2022 00:00:00 GMT\", rule-id=\"Intelligent-Tiering after 15 days and expire after 95 days\"",
    "ETag": "\"d41d8cd98f00b204e9800998ecf8427e\""
}
{
    "Expiration": "expiry-date=\"Thu, 09 Jun 2022 00:00:00 GMT\", rule-id=\"Intelligent-Tiering after 15 days and expire after 95 days\"",
    "ETag": "\"d41d8cd98f00b204e9800998ecf8427e\""
}
{
    "Expiration": "expiry-date=\"Thu, 09 Jun 2022 00:00:00 GMT\", rule-id=\"Intelligent-Tiering after 15 days and expire after 95 days\"",
    "ETag": "\"d41d8cd98f00b204e9800998ecf8427e\""
}
{
    "Expiration": "expiry-date=\"Thu, 09 Jun 2022 00:00:00 GMT\", rule-id=\"Intelligent-Tiering after 15 days and expire after 95 days\"",
    "ETag": "\"d41d8cd98f00b204e9800998ecf8427e\""
}
{
    "Expiration": "expiry-date=\"Thu, 09 Jun 2022 00:00:00 GMT\", rule-id=\"Intelligent-Tiering after 15 days and expire after 95 days\"",
    "ETag": "\"d41d8cd98f00b204e9800998ecf8427e\""
}
{
    "Expiration": "expiry-date=\"Mon, 13 Jun 2022 00:00:00 GMT\", rule-id=\"Intelligent-Tiering after 15 days and expire after 95 days\"",
    "ETag": "\"d41d8cd98f00b204e9800998ecf8427e\""
}
{
    "Expiration": "expiry-date=\"Mon, 13 Jun 2022 00:00:00 GMT\", rule-id=\"Intelligent-Tiering after 15 days and expire after 95 days\"",
    "ETag": "\"d41d8cd98f00b204e9800998ecf8427e\""
}
{
    "Expiration": "expiry-date=\"Mon, 13 Jun 2022 00:00:00 GMT\", rule-id=\"Intelligent-Tiering after 15 days and expire after 95 days\"",
    "ETag": "\"d41d8cd98f00b204e9800998ecf8427e\""
}
{
    "Expiration": "expiry-date=\"Mon, 13 Jun 2022 00:00:00 GMT\", rule-id=\"Intelligent-Tiering after 15 days and expire after 95 days\"",
    "ETag": "\"d41d8cd98f00b204e9800998ecf8427e\""
}
{
    "Expiration": "expiry-date=\"Mon, 13 Jun 2022 00:00:00 GMT\", rule-id=\"Intelligent-Tiering after 15 days and expire after 95 days\"",
    "ETag": "\"d41d8cd98f00b204e9800998ecf8427e\""
}
{
    "Expiration": "expiry-date=\"Mon, 13 Jun 2022 00:00:00 GMT\", rule-id=\"Intelligent-Tiering after 15 days and expire after 95 days\"",
    "ETag": "\"d41d8cd98f00b204e9800998ecf8427e\""
}
