INFO:__main__:Pulling lists context...
INFO:__main__:--beginsql
    select
        distinct dtl.targeting_list_id,
        csv_path,
        dtl.partition_0 as date
    from
        experimental.history_dim_targeting_list dtl
        inner join experimental.history_dim_campaign dc on dc.campaign_id = dtl.campaign_id
        and dc.partition_0 = dtl.partition_0
    where
        bundle_identifier in ('com.gigantic.clawee','com.gigantic.clawee')
        and targeting_list_type in ('white', 'black')
        and dc.partition_0 between '2022-03-01' and '2022-03-02'
        and dtl.partition_0 between '2022-03-01' and '2022-03-02'
        and targeting_list_name not like '%_pub_bl_%'
        and active_status = 'active'
        $targeting_list_ids
        $campaign_ids
    order by
        3,
        1
    --endsql
INFO:__main__:Populating bi_sandbox.comgiganticclawee_comgiganticclawee based on retrieved lists context...
INFO:__main__:Populating 2022-03-01 user data for list 144178
INFO:__main__:Populating 2022-03-01 user data for list 144179
INFO:__main__:Populating 2022-03-01 user data for list 144180
INFO:__main__:Populating 2022-03-01 user data for list 144181
INFO:__main__:Populating 2022-03-01 user data for list 144928
INFO:__main__:Populating 2022-03-01 user data for list 144929
INFO:__main__:Populating 2022-03-01 user data for list 145242
INFO:__main__:Populating 2022-03-01 user data for list 145885
INFO:__main__:Populating 2022-03-02 user data for list 144178
INFO:__main__:Populating 2022-03-02 user data for list 144179
INFO:__main__:Populating 2022-03-02 user data for list 144180
INFO:__main__:Populating 2022-03-02 user data for list 144181
INFO:__main__:Populating 2022-03-02 user data for list 144928
INFO:__main__:Populating 2022-03-02 user data for list 144929
INFO:__main__:Populating 2022-03-02 user data for list 145242
INFO:__main__:Populating 2022-03-02 user data for list 145885
INFO:__main__:Finished populating table comgiganticclawee_comgiganticclawee
